\BOOKMARK [0][-]{chapter*.5}{Lista de Figuras}{}% 1
\BOOKMARK [0][-]{chapter*.6}{Lista de Tabelas}{}% 2
\BOOKMARK [0][-]{chapter*.7}{Lista de Acr\364nimos}{}% 3
\BOOKMARK [0][-]{chapter.1}{Introdu\347\343o}{}% 4
\BOOKMARK [1][-]{section.1.1}{Motiva\347\343o}{chapter.1}% 5
\BOOKMARK [1][-]{section.1.2}{Problema}{chapter.1}% 6
\BOOKMARK [1][-]{section.1.3}{Objetivos}{chapter.1}% 7
\BOOKMARK [1][-]{section.1.4}{Metodologia}{chapter.1}% 8
\BOOKMARK [1][-]{section.1.5}{Resultados Esperados}{chapter.1}% 9
\BOOKMARK [1][-]{section.1.6}{Fora de Escopo}{chapter.1}% 10
\BOOKMARK [1][-]{section.1.7}{Estrutura do Trabalho}{chapter.1}% 11
\BOOKMARK [0][-]{chapter.2}{Referencial Te\363rico}{}% 12
\BOOKMARK [1][-]{section.2.1}{Software como servi\347o}{chapter.2}% 13
\BOOKMARK [1][-]{section.2.2}{Reuso de software}{chapter.2}% 14
\BOOKMARK [1][-]{section.2.3}{Modulariza\347\343o}{chapter.2}% 15
\BOOKMARK [1][-]{section.2.4}{Aplica\347\365es web}{chapter.2}% 16
\BOOKMARK [0][-]{chapter.3}{Proposta}{}% 17
\BOOKMARK [1][-]{section.3.1}{Objetivo}{chapter.3}% 18
\BOOKMARK [1][-]{section.3.2}{Problema}{chapter.3}% 19
\BOOKMARK [1][-]{section.3.3}{Solu\347\343o}{chapter.3}% 20
\BOOKMARK [2][-]{subsection.3.3.1}{Arquitetura da aplica\347\343o}{section.3.3}% 21
\BOOKMARK [2][-]{subsection.3.3.2}{Tecnologias utilizadas}{section.3.3}% 22
\BOOKMARK [3][-]{subsubsection*.8}{Laravel framework}{subsection.3.3.2}% 23
\BOOKMARK [3][-]{subsubsection*.9}{AngularJs}{subsection.3.3.2}% 24
\BOOKMARK [3][-]{subsubsection*.10}{Bootstrap}{subsection.3.3.2}% 25
\BOOKMARK [2][-]{subsection.3.3.3}{Diagramas UML}{section.3.3}% 26
\BOOKMARK [2][-]{subsection.3.3.4}{Funcionalidades}{section.3.3}% 27
\BOOKMARK [3][-]{subsubsection*.11}{Requisitos n\343o funcionais}{subsection.3.3.4}% 28
\BOOKMARK [3][-]{subsubsection*.12}{Requisitos funcionais}{subsection.3.3.4}% 29
\BOOKMARK [2][-]{subsection.3.3.5}{Processo}{section.3.3}% 30
\BOOKMARK [2][-]{subsection.3.3.6}{O que h\341 de novo ?}{section.3.3}% 31
\BOOKMARK [0][-]{section*.14}{Ap\352ndice}{}% 32
